
Current Actual Time: 0.000247 seconds
Current Simulated Time: 0.000018834 seconds
Process Table:
Index | Occupied | PID | Start Time (s.ns)
    0 |        1 | 225565 |          0.000000000
    1 |        0 | --- | -----------
    2 |        0 | --- | -----------
    3 |        0 | --- | -----------
    4 |        0 | --- | -----------
    5 |        0 | --- | -----------
    6 |        0 | --- | -----------
    7 |        0 | --- | -----------
    8 |        0 | --- | -----------
    9 |        0 | --- | -----------

Current Actual Time: 0.500345 seconds
Current Simulated Time: 0.505007130 seconds
Process Table:
Index | Occupied | PID | Start Time (s.ns)
    0 |        1 | 225565 |          0.000000000
    1 |        0 | --- | -----------
    2 |        0 | --- | -----------
    3 |        0 | --- | -----------
    4 |        0 | --- | -----------
    5 |        0 | --- | -----------
    6 |        0 | --- | -----------
    7 |        0 | --- | -----------
    8 |        0 | --- | -----------
    9 |        0 | --- | -----------

Current Actual Time: 1.000548 seconds
Current Simulated Time: 1.012089357 seconds
Process Table:
Index | Occupied | PID | Start Time (s.ns)
    0 |        1 | 225565 |          0.000000000
    1 |        1 | 225566 |          0.000000000
    2 |        0 | --- | -----------
    3 |        0 | --- | -----------
    4 |        0 | --- | -----------
    5 |        0 | --- | -----------
    6 |        0 | --- | -----------
    7 |        0 | --- | -----------
    8 |        0 | --- | -----------
    9 |        0 | --- | -----------

Current Actual Time: 1.500635 seconds
Current Simulated Time: 1.518922521 seconds
Process Table:
Index | Occupied | PID | Start Time (s.ns)
    0 |        1 | 225565 |          0.000000000
    1 |        1 | 225566 |          0.000000000
    2 |        0 | --- | -----------
    3 |        0 | --- | -----------
    4 |        0 | --- | -----------
    5 |        0 | --- | -----------
    6 |        0 | --- | -----------
    7 |        0 | --- | -----------
    8 |        0 | --- | -----------
    9 |        0 | --- | -----------

Current Actual Time: 2.000840 seconds
Current Simulated Time: 2.026179552 seconds
Process Table:
Index | Occupied | PID | Start Time (s.ns)
    0 |        1 | 225565 |          0.000000000
    1 |        1 | 225566 |          0.000000000
    2 |        1 | 225567 |          0.000000000
    3 |        0 | --- | -----------
    4 |        0 | --- | -----------
    5 |        0 | --- | -----------
    6 |        0 | --- | -----------
    7 |        0 | --- | -----------
    8 |        0 | --- | -----------
    9 |        0 | --- | -----------

Current Actual Time: 2.500927 seconds
Current Simulated Time: 2.532521625 seconds
Process Table:
Index | Occupied | PID | Start Time (s.ns)
    0 |        1 | 225565 |          0.000000000
    1 |        1 | 225566 |          0.000000000
    2 |        1 | 225567 |          0.000000000
    3 |        0 | --- | -----------
    4 |        0 | --- | -----------
    5 |        0 | --- | -----------
    6 |        0 | --- | -----------
    7 |        0 | --- | -----------
    8 |        0 | --- | -----------
    9 |        0 | --- | -----------

Current Actual Time: 3.001116 seconds
Current Simulated Time: 3.039446475 seconds
Process Table:
Index | Occupied | PID | Start Time (s.ns)
    0 |        1 | 225565 |          0.000000000
    1 |        1 | 225566 |          0.000000000
    2 |        1 | 225567 |          0.000000000
    3 |        1 | 225568 |          0.000000000
    4 |        0 | --- | -----------
    5 |        0 | --- | -----------
    6 |        0 | --- | -----------
    7 |        0 | --- | -----------
    8 |        0 | --- | -----------
    9 |        0 | --- | -----------

Current Actual Time: 3.501200 seconds
Current Simulated Time: 3.546225381 seconds
Process Table:
Index | Occupied | PID | Start Time (s.ns)
    0 |        1 | 225565 |          0.000000000
    1 |        1 | 225566 |          0.000000000
    2 |        1 | 225567 |          0.000000000
    3 |        1 | 225568 |          0.000000000
    4 |        0 | --- | -----------
    5 |        0 | --- | -----------
    6 |        0 | --- | -----------
    7 |        0 | --- | -----------
    8 |        0 | --- | -----------
    9 |        0 | --- | -----------

Current Actual Time: 4.001487 seconds
Current Simulated Time: 4.052667006 seconds
Process Table:
Index | Occupied | PID | Start Time (s.ns)
    0 |        1 | 225565 |          0.000000000
    1 |        1 | 225566 |          0.000000000
    2 |        1 | 225567 |          0.000000000
    3 |        1 | 225568 |          0.000000000
    4 |        1 | 225569 |          0.000000000
    5 |        0 | --- | -----------
    6 |        0 | --- | -----------
    7 |        0 | --- | -----------
    8 |        0 | --- | -----------
    9 |        0 | --- | -----------

Current Actual Time: 4.501661 seconds
Current Simulated Time: 4.557881340 seconds
Process Table:
Index | Occupied | PID | Start Time (s.ns)
    0 |        1 | 225565 |          0.000000000
    1 |        1 | 225566 |          0.000000000
    2 |        1 | 225567 |          0.000000000
    3 |        1 | 225568 |          0.000000000
    4 |        1 | 225569 |          0.000000000
    5 |        0 | --- | -----------
    6 |        0 | --- | -----------
    7 |        0 | --- | -----------
    8 |        0 | --- | -----------
    9 |        0 | --- | -----------
